[debug] [2018-06-20T03:37:09.522Z] ----------------------------------------------------------------------
[debug] [2018-06-20T03:37:09.524Z] Command:       C:\Program Files\nodejs\node.exe C:\Users\Maxmirra\AppData\Roaming\npm\node_modules\firebase-tools\bin\firebase serve
[debug] [2018-06-20T03:37:09.524Z] CLI Version:   3.18.6
[debug] [2018-06-20T03:37:09.524Z] Platform:      win32
[debug] [2018-06-20T03:37:09.524Z] Node Version:  v10.0.0
[debug] [2018-06-20T03:37:09.525Z] Time:          Wed Jun 20 2018 00:37:09 GMT-0300 (Hora estándar de Argentina)
[debug] [2018-06-20T03:37:09.525Z] ----------------------------------------------------------------------
[debug] 
[debug] [2018-06-20T03:37:09.535Z] > command requires scopes: ["email","openid","https://www.googleapis.com/auth/cloudplatformprojects.readonly","https://www.googleapis.com/auth/firebase","https://www.googleapis.com/auth/cloud-platform"]
[debug] [2018-06-20T03:37:09.536Z] > authorizing via signed-in user
[debug] [2018-06-20T03:37:09.538Z] >>> HTTP REQUEST GET https://admin.firebase.com/v1/projects/nextgeneration-c55c3  
  
 Wed Jun 20 2018 00:37:09 GMT-0300 (Hora estándar de Argentina)
[debug] [2018-06-20T03:37:10.775Z] <<< HTTP RESPONSE 200
[debug] [2018-06-20T03:37:10.776Z] >>> HTTP REQUEST GET https://admin.firebase.com/v1/database/nextgeneration-c55c3/tokens  
  
 Wed Jun 20 2018 00:37:10 GMT-0300 (Hora estándar de Argentina)
[debug] [2018-06-20T03:37:11.523Z] <<< HTTP RESPONSE 200
[debug] [2018-06-20T03:37:11.524Z] >>> HTTP REQUEST GET https://cloudresourcemanager.googleapis.com/v1/projects/nextgeneration-c55c3  
  
 Wed Jun 20 2018 00:37:11 GMT-0300 (Hora estándar de Argentina)
[debug] [2018-06-20T03:37:12.674Z] <<< HTTP RESPONSE 200
[info] 
[info] === Serving from 'C:\Users\Maxmirra\Desktop\Tesis\NextGeneration'...
[info] 
[debug] [2018-06-20T03:37:12.675Z] >>> HTTP REQUEST GET https://mobilesdk-pa.googleapis.com/v1/projects/966721066481/clients/_:getWebAppConfig  
  
 Wed Jun 20 2018 00:37:12 GMT-0300 (Hora estándar de Argentina)
[debug] [2018-06-20T03:37:13.342Z] <<< HTTP RESPONSE 200
[info] i  hosting: Serving hosting files from: public
[info] +  hosting: Local server: http://localhost:5000

